<?xml version="1.0" encoding="UTF-8"?>
<testng-results skipped="0" failed="0" ignored="0" total="1" passed="1">
  <reporter-output>
  </reporter-output>
  <suite name="Default suite" duration-ms="13642" started-at="2020-04-27T09:48:30Z" finished-at="2020-04-27T09:48:43Z">
    <groups>
    </groups>
    <test name="Default test" duration-ms="13642" started-at="2020-04-27T09:48:30Z" finished-at="2020-04-27T09:48:43Z">
      <class name="com.hybrid.test.PracticePageTest">
        <test-method status="PASS" signature="initialze()[pri:0, instance:com.hybrid.test.PracticePageTest@9353778]" name="initialze" is-config="true" duration-ms="11241" started-at="2020-04-27T09:48:30Z" finished-at="2020-04-27T09:48:41Z">
          <reporter-output>
          </reporter-output>
        </test-method> <!-- initialze -->
        <test-method status="PASS" signature="formValidations()[pri:0, instance:com.hybrid.test.PracticePageTest@9353778]" name="formValidations" duration-ms="2286" started-at="2020-04-27T09:48:41Z" finished-at="2020-04-27T09:48:43Z">
          <reporter-output>
          </reporter-output>
        </test-method> <!-- formValidations -->
        <test-method status="PASS" signature="tearDown()[pri:0, instance:com.hybrid.test.PracticePageTest@9353778]" name="tearDown" is-config="true" duration-ms="0" started-at="2020-04-27T09:48:43Z" finished-at="2020-04-27T09:48:43Z">
          <reporter-output>
          </reporter-output>
        </test-method> <!-- tearDown -->
      </class> <!-- com.hybrid.test.PracticePageTest -->
    </test> <!-- Default test -->
  </suite> <!-- Default suite -->
</testng-results>
