<?xml version="1.0" encoding="UTF-8"?>
<!-- Generated by org.testng.reporters.JUnitXMLReporter -->
<testsuite hostname="DESKTOP-AIBD1RS" ignored="0" name="Test" tests="11" failures="0" timestamp="28 Apr 2020 09:52:48 GMT" time="29.665" errors="0">
  <testcase name="radioButton" time="0.213" classname="com.hybrid.test.PracticePageTest"/>
  <testcase name="suggestion" time="1.471" classname="com.hybrid.test.PracticePageTest"/>
  <testcase name="dropdown" time="0.16" classname="com.hybrid.test.PracticePageTest"/>
  <testcase name="checkBoxAll" time="0.286" classname="com.hybrid.test.PracticePageTest"/>
  <testcase name="getWindowhandles" time="5.618" classname="com.hybrid.test.PracticePageTest"/>
  <testcase name="getWindowTabs" time="2.464" classname="com.hybrid.test.PracticePageTest"/>
  <testcase name="alertBox" time="3.973" classname="com.hybrid.test.PracticePageTest"/>
  <testcase name="webTable" time="0.608" classname="com.hybrid.test.PracticePageTest"/>
  <testcase name="elementDisplayed" time="0.534" classname="com.hybrid.test.PracticePageTest"/>
  <testcase name="hover" time="1.36" classname="com.hybrid.test.PracticePageTest"/>
  <testcase name="iframe" time="0.099" classname="com.hybrid.test.PracticePageTest"/>
</testsuite> <!-- Test -->
